<?xml version="1.0" encoding="UTF-8"?>
<!-- Generated by org.testng.reporters.JUnitReportReporter -->
<testsuite hostname="AATIFxINSPIRON" failures="0" tests="5" name="Demo.OrangeHRM" time="33.183" errors="0" timestamp="2024-07-05T11:20:59 IST" skipped="4">
  <testcase classname="Demo.OrangeHRM" name="searchEmployeeID" time="33.183"/>
  <testcase classname="Demo.OrangeHRM" name="loginValidCreentials">
    <skipped/>
  </testcase> <!-- loginValidCreentials -->
  <testcase classname="Demo.OrangeHRM" name="loginInvalidCredentials">
    <skipped/>
  </testcase> <!-- loginInvalidCredentials -->
  <testcase classname="Demo.OrangeHRM" name="addEmployee">
    <skipped/>
  </testcase> <!-- addEmployee -->
  <testcase classname="Demo.OrangeHRM" name="searchEmployee">
    <skipped/>
  </testcase> <!-- searchEmployee -->
</testsuite> <!-- Demo.OrangeHRM -->
